2021-02-20 10:51:11 method: com.ym.webui.util.LogInUtil.getDatas(RegisterUtil.java:33) - [INFO]----开始获取测试数据:是否为正向用例[0],列名:[[Ljava.lang.String;@6c49835d]
2021-02-20 10:51:22 method: com.ym.webui.cases.Base.init(Base.java:18) - [INFO]---------------套件开始执行-----------
2021-02-20 10:51:22 method: com.ym.webui.cases.Base.init(Base.java:19) - [INFO]----浏览器类型为[chrome]
2021-02-20 10:51:22 method: com.ym.webui.util.LogInUtil.getDatas(RegisterUtil.java:33) - [INFO]----开始获取测试数据:是否为正向用例[0],列名:[[Ljava.lang.String;@453da22c]
2021-02-20 11:18:31 method: com.ym.webui.cases.Base.init(Base.java:18) - [INFO]---------------套件开始执行-----------
2021-02-20 11:18:31 method: com.ym.webui.cases.Base.init(Base.java:19) - [INFO]----浏览器类型为[chrome]
2021-02-20 11:18:31 method: com.ym.webui.util.LogInUtil.getDatas(RegisterUtil.java:33) - [INFO]----开始获取测试数据:是否为正向用例[0],列名:[[Ljava.lang.String;@453da22c]
2021-02-20 11:19:35 method: com.ym.webui.cases.Base.init(Base.java:18) - [INFO]---------------套件开始执行-----------
2021-02-20 11:19:35 method: com.ym.webui.cases.Base.init(Base.java:19) - [INFO]----浏览器类型为[chrome]
2021-02-20 11:19:35 method: com.ym.webui.util.LogInUtil.getDatas(RegisterUtil.java:33) - [INFO]----开始获取测试数据:是否为正向用例[0],列名:[[Ljava.lang.String;@453da22c]
2021-02-20 11:20:58 method: com.ym.webui.cases.Base.init(Base.java:18) - [INFO]---------------套件开始执行-----------
2021-02-20 11:20:58 method: com.ym.webui.cases.Base.init(Base.java:19) - [INFO]----浏览器类型为[chrome]
2021-02-20 11:21:00 method: com.ym.webui.util.ExcelUtil.load(ExcelUtil.java:23) - [INFO]----开始加载用例文件:[src/test/resources/case.xlsx],工作表名:[login],要封装的类:[class com.ym.webui.pojo.LogIn]
2021-02-20 11:21:00 method: com.ym.webui.util.ExcelUtil.load(ExcelUtil.java:63) - [ERROR]----用例文件加载失败
2021-02-20 11:21:00 method: com.ym.webui.util.LogInUtil.getDatas(RegisterUtil.java:33) - [INFO]----开始获取测试数据:是否为正向用例[0],列名:[[Ljava.lang.String;@6bb4dd34]
2021-02-20 11:21:00 method: com.ym.webui.util.LogInUtil.getDatas(RegisterUtil.java:33) - [INFO]----开始获取测试数据:是否为正向用例[1],列名:[[Ljava.lang.String;@7d7758be]
2021-02-20 11:21:01 method: com.ym.webui.cases.Base.quitDriver(Base.java:39) - [INFO]---------------套件执行完成-----------
2021-02-20 11:21:23 method: com.ym.webui.cases.Base.init(Base.java:18) - [INFO]---------------套件开始执行-----------
2021-02-20 11:21:23 method: com.ym.webui.cases.Base.init(Base.java:19) - [INFO]----浏览器类型为[chrome]
2021-02-20 11:21:25 method: com.ym.webui.util.ExcelUtil.load(ExcelUtil.java:23) - [INFO]----开始加载用例文件:[src/test/resources/case.xlsx],工作表名:[login],要封装的类:[class com.ym.webui.pojo.LogIn]
2021-02-20 11:21:25 method: com.ym.webui.util.ExcelUtil.load(ExcelUtil.java:63) - [ERROR]----用例文件加载失败
2021-02-20 11:21:25 method: com.ym.webui.util.LogInUtil.getDatas(RegisterUtil.java:33) - [INFO]----开始获取测试数据:是否为正向用例[0],列名:[[Ljava.lang.String;@626c44e7]
2021-02-20 11:21:25 method: com.ym.webui.util.LogInUtil.getDatas(RegisterUtil.java:33) - [INFO]----开始获取测试数据:是否为正向用例[1],列名:[[Ljava.lang.String;@6b3e12b5]
2021-02-20 11:21:26 method: com.ym.webui.cases.Base.quitDriver(Base.java:39) - [INFO]---------------套件执行完成-----------
2021-02-20 11:21:50 method: com.ym.webui.cases.Base.init(Base.java:18) - [INFO]---------------套件开始执行-----------
2021-02-20 11:21:50 method: com.ym.webui.cases.Base.init(Base.java:19) - [INFO]----浏览器类型为[chrome]
2021-02-20 11:21:52 method: com.ym.webui.util.ExcelUtil.load(ExcelUtil.java:23) - [INFO]----开始加载用例文件:[src/test/resources/case.xlsx],工作表名:[login],要封装的类:[class com.ym.webui.pojo.LogIn]
2021-02-20 11:21:53 method: com.ym.webui.util.ExcelUtil.load(ExcelUtil.java:63) - [ERROR]----用例文件加载失败
2021-02-20 11:21:53 method: com.ym.webui.util.LogInUtil.getDatas(RegisterUtil.java:33) - [INFO]----开始获取测试数据:是否为正向用例[0],列名:[[Ljava.lang.String;@7cf162bc]
2021-02-20 11:21:53 method: com.ym.webui.util.LogInUtil.getDatas(RegisterUtil.java:33) - [INFO]----开始获取测试数据:是否为正向用例[1],列名:[[Ljava.lang.String;@4c2869a9]
2021-02-20 11:21:53 method: com.ym.webui.cases.Base.quitDriver(Base.java:39) - [INFO]---------------套件执行完成-----------
2021-02-20 11:25:37 method: com.ym.webui.cases.Base.init(Base.java:18) - [INFO]---------------套件开始执行-----------
2021-02-20 11:25:37 method: com.ym.webui.cases.Base.init(Base.java:19) - [INFO]----浏览器类型为[chrome]
2021-02-20 11:25:39 method: com.ym.webui.util.ExcelUtil.load(ExcelUtil.java:23) - [INFO]----开始加载用例文件:[src/test/resources/case.xlsx],工作表名:[login],要封装的类:[class com.ym.webui.pojo.LogIn]
2021-02-20 11:25:39 method: com.ym.webui.util.ExcelUtil.load(ExcelUtil.java:63) - [ERROR]----用例文件加载失败
2021-02-20 11:25:39 method: com.ym.webui.util.LogInUtil.getDatas(RegisterUtil.java:33) - [INFO]----开始获取测试数据:是否为正向用例[0],列名:[[Ljava.lang.String;@6bb4dd34]
2021-02-20 11:25:39 method: com.ym.webui.util.LogInUtil.getDatas(RegisterUtil.java:33) - [INFO]----开始获取测试数据:是否为正向用例[1],列名:[[Ljava.lang.String;@7d7758be]
2021-02-20 11:25:39 method: com.ym.webui.cases.Base.quitDriver(Base.java:39) - [INFO]---------------套件执行完成-----------
2021-02-20 11:27:27 method: com.ym.webui.cases.Base.init(Base.java:18) - [INFO]---------------套件开始执行-----------
2021-02-20 11:27:27 method: com.ym.webui.cases.Base.init(Base.java:19) - [INFO]----浏览器类型为[chrome]
2021-02-20 11:27:29 method: com.ym.webui.util.ExcelUtil.load(ExcelUtil.java:23) - [INFO]----开始加载用例文件:[src/test/resources/case.xlsx],工作表名:[login],要封装的类:[class com.ym.webui.pojo.LogIn]
2021-02-20 11:27:30 method: com.ym.webui.util.LogInUtil.getDatas(RegisterUtil.java:33) - [INFO]----开始获取测试数据:是否为正向用例[0],列名:[[Ljava.lang.String;@1d730606]
2021-02-20 11:27:30 method: com.ym.webui.util.LogInUtil.getDatas(RegisterUtil.java:33) - [INFO]----开始获取测试数据:是否为正向用例[1],列名:[[Ljava.lang.String;@1338fb5]
2021-02-20 11:27:30 method: com.ym.webui.cases.Base.quitDriver(Base.java:39) - [INFO]---------------套件执行完成-----------
2021-02-20 11:30:49 method: com.ym.webui.cases.Base.init(Base.java:18) - [INFO]---------------套件开始执行-----------
2021-02-20 11:30:49 method: com.ym.webui.cases.Base.init(Base.java:19) - [INFO]----浏览器类型为[chrome]
2021-02-20 11:30:51 method: com.ym.webui.util.ExcelUtil.load(ExcelUtil.java:23) - [INFO]----开始加载用例文件:[src/test/resources/case.xlsx],工作表名:[login],要封装的类:[class com.ym.webui.pojo.LogIn]
2021-02-20 11:30:52 method: com.ym.webui.util.LogInUtil.getDatas(RegisterUtil.java:33) - [INFO]----开始获取测试数据:是否为正向用例[0],列名:[[Ljava.lang.String;@1d730606]
2021-02-20 11:30:52 method: com.ym.webui.util.LogInUtil.getDatas(RegisterUtil.java:33) - [INFO]----开始获取测试数据:是否为正向用例[1],列名:[[Ljava.lang.String;@1338fb5]
2021-02-20 11:30:52 method: com.ym.webui.cases.Base.quitDriver(Base.java:39) - [INFO]---------------套件执行完成-----------
2021-02-20 11:39:50 method: com.ym.webui.cases.Base.init(Base.java:18) - [INFO]---------------套件开始执行-----------
2021-02-20 11:39:50 method: com.ym.webui.cases.Base.init(Base.java:19) - [INFO]----浏览器类型为[chrome]
2021-02-20 11:39:52 method: com.ym.webui.util.LogInUtil.getDatas(LogInUtil.java:43) - [INFO]----开始获取测试数据:是否为正向用例[0],列名:[[Ljava.lang.String;@4f0f2942]
2021-02-20 11:39:52 method: com.ym.webui.util.LogInUtil.getDatas(LogInUtil.java:43) - [INFO]----开始获取测试数据:是否为正向用例[1],列名:[[Ljava.lang.String;@5c86a017]
2021-02-20 11:39:53 method: com.ym.webui.cases.Base.quitDriver(Base.java:39) - [INFO]---------------套件执行完成-----------
2021-02-20 13:40:48 method: com.ym.webui.cases.Base.init(Base.java:18) - [INFO]---------------套件开始执行-----------
2021-02-20 13:40:48 method: com.ym.webui.cases.Base.init(Base.java:19) - [INFO]----浏览器类型为[chrome]
2021-02-20 13:40:48 method: com.ym.webui.util.LogInUtil.getDatas(RegisterUtil.java:33) - [INFO]----开始获取测试数据:是否为正向用例[0],列名:[[Ljava.lang.String;@453da22c]
2021-02-20 13:41:48 method: com.ym.webui.cases.Base.init(Base.java:18) - [INFO]---------------套件开始执行-----------
2021-02-20 13:41:48 method: com.ym.webui.cases.Base.init(Base.java:19) - [INFO]----浏览器类型为[chrome]
2021-02-20 13:41:50 method: com.ym.webui.util.ExcelUtil.load(ExcelUtil.java:23) - [INFO]----开始加载用例文件:[src/test/resources/case.xlsx],工作表名:[login],要封装的类:[class com.ym.webui.pojo.LogIn]
2021-02-20 13:41:51 method: com.ym.webui.util.ExcelUtil.load(ExcelUtil.java:63) - [ERROR]----用例文件加载失败
2021-02-20 13:41:51 method: com.ym.webui.util.LogInUtil.getDatas(RegisterUtil.java:33) - [INFO]----开始获取测试数据:是否为正向用例[0],列名:[[Ljava.lang.String;@626c44e7]
2021-02-20 13:41:51 method: com.ym.webui.util.LogInUtil.getDatas(RegisterUtil.java:33) - [INFO]----开始获取测试数据:是否为正向用例[1],列名:[[Ljava.lang.String;@6b3e12b5]
2021-02-20 13:41:51 method: com.ym.webui.cases.Base.quitDriver(Base.java:39) - [INFO]---------------套件执行完成-----------
2021-02-20 13:51:16 method: com.ym.webui.cases.Base.init(Base.java:18) - [INFO]---------------套件开始执行-----------
2021-02-20 13:51:16 method: com.ym.webui.cases.Base.init(Base.java:19) - [INFO]----浏览器类型为[chrome]
2021-02-20 13:51:19 method: com.ym.webui.util.ExcelUtil.load(ExcelUtil.java:23) - [INFO]----开始加载用例文件:[src/test/resources/case.xlsx],工作表名:[login],要封装的类:[class com.ym.webui.pojo.LogIn]
2021-02-20 13:51:19 method: com.ym.webui.util.ExcelUtil.load(ExcelUtil.java:63) - [ERROR]----用例文件加载失败
2021-02-20 13:51:19 method: com.ym.webui.util.LogInUtil.getDatas(LogInUtil.java:33) - [INFO]----开始获取测试数据:是否为正向用例[0],列名:[[Ljava.lang.String;@6bb4dd34]
2021-02-20 13:51:19 method: com.ym.webui.util.LogInUtil.getDatas(LogInUtil.java:33) - [INFO]----开始获取测试数据:是否为正向用例[1],列名:[[Ljava.lang.String;@7d7758be]
2021-02-20 13:51:20 method: com.ym.webui.cases.Base.quitDriver(Base.java:39) - [INFO]---------------套件执行完成-----------
2021-02-20 13:51:29 method: com.ym.webui.cases.Base.init(Base.java:18) - [INFO]---------------套件开始执行-----------
2021-02-20 13:51:29 method: com.ym.webui.cases.Base.init(Base.java:19) - [INFO]----浏览器类型为[chrome]
2021-02-20 13:51:31 method: com.ym.webui.util.ExcelUtil.load(ExcelUtil.java:23) - [INFO]----开始加载用例文件:[src/test/resources/case.xlsx],工作表名:[login],要封装的类:[class com.ym.webui.pojo.LogIn]
2021-02-20 13:51:31 method: com.ym.webui.util.LogInUtil.getDatas(LogInUtil.java:33) - [INFO]----开始获取测试数据:是否为正向用例[0],列名:[[Ljava.lang.String;@1d730606]
2021-02-20 13:51:31 method: com.ym.webui.util.LogInUtil.getDatas(LogInUtil.java:33) - [INFO]----开始获取测试数据:是否为正向用例[1],列名:[[Ljava.lang.String;@1338fb5]
2021-02-20 13:51:32 method: com.ym.webui.cases.Base.quitDriver(Base.java:39) - [INFO]---------------套件执行完成-----------
2021-02-20 13:53:02 method: com.ym.webui.cases.Base.init(Base.java:18) - [INFO]---------------套件开始执行-----------
2021-02-20 13:53:02 method: com.ym.webui.cases.Base.init(Base.java:19) - [INFO]----浏览器类型为[chrome]
2021-02-20 13:53:04 method: com.ym.webui.util.ExcelUtil.load(ExcelUtil.java:23) - [INFO]----开始加载用例文件:[src/test/resources/case.xlsx],工作表名:[login],要封装的类:[class com.ym.webui.pojo.LogIn]
2021-02-20 13:53:05 method: com.ym.webui.util.LogInUtil.getDatas(LogInUtil.java:33) - [INFO]----开始获取测试数据:是否为正向用例[0],列名:[[Ljava.lang.String;@63718b93]
2021-02-20 13:53:05 method: com.ym.webui.util.LogInUtil.getDatas(LogInUtil.java:33) - [INFO]----开始获取测试数据:是否为正向用例[1],列名:[[Ljava.lang.String;@6edcd0d8]
2021-02-20 13:53:05 method: com.ym.webui.cases.Base.quitDriver(Base.java:39) - [INFO]---------------套件执行完成-----------
2021-02-20 13:59:06 method: com.ym.webui.cases.Base.init(Base.java:18) - [INFO]---------------套件开始执行-----------
2021-02-20 13:59:06 method: com.ym.webui.cases.Base.init(Base.java:19) - [INFO]----浏览器类型为[chrome]
2021-02-20 13:59:08 method: com.ym.webui.util.ExcelUtil.load(ExcelUtil.java:23) - [INFO]----开始加载用例文件:[src/test/resources/case.xlsx],工作表名:[login],要封装的类:[class com.ym.webui.pojo.LogIn]
2021-02-20 13:59:09 method: com.ym.webui.util.LogInUtil.getDatas(LogInUtil.java:37) - [INFO]----开始获取测试数据:是否为正向用例[0],列名:[[Ljava.lang.String;@63718b93]
2021-02-20 13:59:09 method: com.ym.webui.util.LogInUtil.getDatas(LogInUtil.java:37) - [INFO]----开始获取测试数据:是否为正向用例[1],列名:[[Ljava.lang.String;@6edcd0d8]
2021-02-20 13:59:10 method: com.ym.webui.cases.Base.quitDriver(Base.java:39) - [INFO]---------------套件执行完成-----------
2021-02-20 14:07:26 method: com.ym.webui.cases.Base.init(Base.java:18) - [INFO]---------------套件开始执行-----------
2021-02-20 14:07:26 method: com.ym.webui.cases.Base.init(Base.java:19) - [INFO]----浏览器类型为[chrome]
2021-02-20 14:07:28 method: com.ym.webui.util.ExcelUtil.load(ExcelUtil.java:23) - [INFO]----开始加载用例文件:[src/test/resources/case.xlsx],工作表名:[login],要封装的类:[class com.ym.webui.pojo.LogIn]
2021-02-20 14:07:29 method: com.ym.webui.util.LogInUtil.getDatas(LogInUtil.java:38) - [INFO]----开始获取测试数据:是否为正向用例[0],列名:[[IsNegative, Desc, Id, Password, Msg]]
2021-02-20 14:07:29 method: com.ym.webui.util.LogInUtil.getDatas(LogInUtil.java:38) - [INFO]----开始获取测试数据:是否为正向用例[1],列名:[[IsNegative, Desc, Id, Password, Msg]]
2021-02-20 14:07:29 method: com.ym.webui.cases.Base.quitDriver(Base.java:39) - [INFO]---------------套件执行完成-----------
2021-02-20 14:12:54 method: com.ym.webui.cases.Base.init(Base.java:18) - [INFO]---------------套件开始执行-----------
2021-02-20 14:12:54 method: com.ym.webui.cases.Base.init(Base.java:19) - [INFO]----浏览器类型为[chrome]
2021-02-20 14:12:56 method: com.ym.webui.util.ExcelUtil.load(ExcelUtil.java:23) - [INFO]----开始加载用例文件:[src/test/resources/case.xlsx],工作表名:[login],要封装的类:[class com.ym.webui.pojo.LogIn]
2021-02-20 14:12:57 method: com.ym.webui.util.LogInUtil.getDatas(LogInUtil.java:38) - [INFO]----开始获取测试数据:是否为正向用例[0],列名:[[IsNegative, Desc, Id, Password, Msg]]
2021-02-20 14:12:57 method: com.ym.webui.util.LogInUtil.getDatas(LogInUtil.java:38) - [INFO]----开始获取测试数据:是否为正向用例[1],列名:[[IsNegative, Desc, Id, Password, Msg]]
2021-02-20 14:12:57 method: com.ym.webui.cases.Base.quitDriver(Base.java:39) - [INFO]---------------套件执行完成-----------
2021-02-20 14:14:40 method: com.ym.webui.cases.Base.init(Base.java:18) - [INFO]---------------套件开始执行-----------
2021-02-20 14:14:40 method: com.ym.webui.cases.Base.init(Base.java:19) - [INFO]----浏览器类型为[chrome]
2021-02-20 14:14:42 method: com.ym.webui.util.ExcelUtil.load(ExcelUtil.java:23) - [INFO]----开始加载用例文件:[src/test/resources/case.xlsx],工作表名:[login],要封装的类:[class com.ym.webui.pojo.LogIn]
2021-02-20 14:14:43 method: com.ym.webui.util.LogInUtil.getDatas(LogInUtil.java:38) - [INFO]----开始获取测试数据:是否为正向用例[0],列名:[[IsNegative, Desc, Id, Password, Msg]]
2021-02-20 14:14:43 method: com.ym.webui.util.LogInUtil.getDatas(LogInUtil.java:38) - [INFO]----开始获取测试数据:是否为正向用例[1],列名:[[IsNegative, Desc, Id, Password, Msg]]
2021-02-20 14:14:44 method: com.ym.webui.cases.Base.quitDriver(Base.java:39) - [INFO]---------------套件执行完成-----------
2021-02-20 14:25:19 method: com.ym.webui.cases.Base.init(Base.java:18) - [INFO]---------------套件开始执行-----------
2021-02-20 14:25:19 method: com.ym.webui.cases.Base.init(Base.java:19) - [INFO]----浏览器类型为[chrome]
2021-02-20 14:25:21 method: com.ym.webui.util.ExcelUtil.load(ExcelUtil.java:23) - [INFO]----开始加载用例文件:[src/test/resources/case.xlsx],工作表名:[login],要封装的类:[class com.ym.webui.pojo.LogIn]
2021-02-20 14:25:22 method: com.ym.webui.util.LogInUtil.getDatas(LogInUtil.java:38) - [INFO]----开始获取测试数据:是否为正向用例[0],列名:[[IsNegative, Desc, Id, Password, Msg]]
2021-02-20 14:25:22 method: com.ym.webui.util.LogInUtil.getDatas(LogInUtil.java:38) - [INFO]----开始获取测试数据:是否为正向用例[1],列名:[[IsNegative, Desc, Id, Password, Msg]]
2021-02-20 14:25:22 method: com.ym.webui.cases.Base.quitDriver(Base.java:39) - [INFO]---------------套件执行完成-----------
2021-02-20 14:29:50 method: com.ym.webui.cases.Base.init(Base.java:18) - [INFO]---------------套件开始执行-----------
2021-02-20 14:29:50 method: com.ym.webui.cases.Base.init(Base.java:19) - [INFO]----浏览器类型为[chrome]
2021-02-20 14:29:52 method: com.ym.webui.util.ExcelUtil.load(ExcelUtil.java:23) - [INFO]----开始加载用例文件:[src/test/resources/case.xlsx],工作表名:[login],要封装的类:[class com.ym.webui.pojo.LogIn]
2021-02-20 14:29:52 method: com.ym.webui.util.LogInUtil.getDatas(LogInUtil.java:38) - [INFO]----开始获取测试数据:是否为正向用例[0],列名:[[IsNegative, Desc, Id, Password, Msg]]
2021-02-20 14:29:52 method: com.ym.webui.util.LogInUtil.getDatas(LogInUtil.java:38) - [INFO]----开始获取测试数据:是否为正向用例[1],列名:[[IsNegative, Desc, Id, Password, Msg]]
2021-02-20 14:29:53 method: com.ym.webui.cases.Base.quitDriver(Base.java:39) - [INFO]---------------套件执行完成-----------
2021-02-20 14:33:29 method: com.ym.webui.cases.Base.init(Base.java:18) - [INFO]---------------套件开始执行-----------
2021-02-20 14:33:29 method: com.ym.webui.cases.Base.init(Base.java:19) - [INFO]----浏览器类型为[chrome]
2021-02-20 14:33:31 method: com.ym.webui.util.LogInUtil.getDatas(LogInUtil.java:45) - [INFO]----开始获取测试数据:是否为正向用例[0],列名:[[IsNegative, Desc, Id, Password, Msg]]
2021-02-20 14:33:31 method: com.ym.webui.util.LogInUtil.getDatas(LogInUtil.java:45) - [INFO]----开始获取测试数据:是否为正向用例[1],列名:[[IsNegative, Desc, Id, Password, Msg]]
2021-02-20 14:33:32 method: com.ym.webui.cases.Base.quitDriver(Base.java:39) - [INFO]---------------套件执行完成-----------
2021-02-20 14:38:23 method: com.ym.webui.cases.Base.init(Base.java:18) - [INFO]---------------套件开始执行-----------
2021-02-20 14:38:23 method: com.ym.webui.cases.Base.init(Base.java:19) - [INFO]----浏览器类型为[chrome]
2021-02-20 14:38:25 method: com.ym.webui.util.ExcelUtil.load(ExcelUtil.java:23) - [INFO]----开始加载用例文件:[src/test/resources/case.xlsx],工作表名:[login],要封装的类:[class com.ym.webui.pojo.LogIn]
2021-02-20 14:38:26 method: com.ym.webui.util.LogInUtil.getDatas(LogInUtil.java:49) - [INFO]----开始获取测试数据:是否为正向用例[0],列名:[[IsNegative, Desc, Id, Password, Msg]]
2021-02-20 14:38:26 method: com.ym.webui.report.CustomListener.onTestFailure(CustomListener.java:20) - [INFO]----测试未达成目标,将图片路径写入testng
2021-02-20 14:38:26 method: com.ym.webui.util.ScreenshotUtil.saveScreenshot(ScreenshotUtil.java:14) - [INFO]----开始保存截图
2021-02-20 14:38:26 method: com.ym.webui.util.ScreenshotUtil.saveScreenshot(ScreenshotUtil.java:27) - [INFO]----拷贝截图文件到指定目录
2021-02-20 14:38:26 method: com.ym.webui.util.LogInUtil.getDatas(LogInUtil.java:49) - [INFO]----开始获取测试数据:是否为正向用例[1],列名:[[IsNegative, Desc, Id, Password, Msg]]
2021-02-20 14:38:26 method: com.ym.webui.report.CustomListener.onTestFailure(CustomListener.java:20) - [INFO]----测试未达成目标,将图片路径写入testng
2021-02-20 14:38:26 method: com.ym.webui.util.ScreenshotUtil.saveScreenshot(ScreenshotUtil.java:14) - [INFO]----开始保存截图
2021-02-20 14:38:27 method: com.ym.webui.util.ScreenshotUtil.saveScreenshot(ScreenshotUtil.java:27) - [INFO]----拷贝截图文件到指定目录
2021-02-20 14:38:27 method: com.ym.webui.cases.Base.quitDriver(Base.java:39) - [INFO]---------------套件执行完成-----------
2021-02-20 14:39:06 method: com.ym.webui.cases.Base.init(Base.java:18) - [INFO]---------------套件开始执行-----------
2021-02-20 14:39:06 method: com.ym.webui.cases.Base.init(Base.java:19) - [INFO]----浏览器类型为[chrome]
2021-02-20 14:39:08 method: com.ym.webui.util.ExcelUtil.load(ExcelUtil.java:23) - [INFO]----开始加载用例文件:[src/test/resources/case.xlsx],工作表名:[login],要封装的类:[class com.ym.webui.pojo.LogIn]
2021-02-20 14:39:09 method: com.ym.webui.util.LogInUtil.getDatas(LogInUtil.java:49) - [INFO]----开始获取测试数据:是否为正向用例[0],列名:[[IsNegative, Desc, Id, Password, Msg]]
2021-02-20 14:39:09 method: com.ym.webui.report.CustomListener.onTestFailure(CustomListener.java:20) - [INFO]----测试未达成目标,将图片路径写入testng
2021-02-20 14:39:09 method: com.ym.webui.util.ScreenshotUtil.saveScreenshot(ScreenshotUtil.java:14) - [INFO]----开始保存截图
2021-02-20 14:39:09 method: com.ym.webui.util.ScreenshotUtil.saveScreenshot(ScreenshotUtil.java:27) - [INFO]----拷贝截图文件到指定目录
2021-02-20 14:39:09 method: com.ym.webui.util.LogInUtil.getDatas(LogInUtil.java:49) - [INFO]----开始获取测试数据:是否为正向用例[1],列名:[[IsNegative, Desc, Id, Password, Msg]]
2021-02-20 14:39:09 method: com.ym.webui.report.CustomListener.onTestFailure(CustomListener.java:20) - [INFO]----测试未达成目标,将图片路径写入testng
2021-02-20 14:39:09 method: com.ym.webui.util.ScreenshotUtil.saveScreenshot(ScreenshotUtil.java:14) - [INFO]----开始保存截图
2021-02-20 14:39:09 method: com.ym.webui.util.ScreenshotUtil.saveScreenshot(ScreenshotUtil.java:27) - [INFO]----拷贝截图文件到指定目录
2021-02-20 14:39:10 method: com.ym.webui.cases.Base.quitDriver(Base.java:39) - [INFO]---------------套件执行完成-----------
